Namespace(backbone='FCN', batch_size=64, cases='random', cuda=0, dataset='ucihar', device='Phones', lambda1=1.0, len_sw=128, logdir='log/', lr=0.0001, lr_cls=0.001, model_name='FCN_ucihar_lr0.0001_bs64_sw128', n_class=6, n_epoch=60, n_feature=9, split_ratio=0.2, target_domain='0')

Epoch : 0
Train Loss     : 0.7835	 | 	Train Accuracy     : 71.0938

Val Loss     : 0.5581	 | 	Val Accuracy     : 82.1602


Epoch : 1
Train Loss     : 0.3736	 | 	Train Accuracy     : 88.4038

Val Loss     : 0.3192	 | 	Val Accuracy     : 91.0801


Epoch : 2
Train Loss     : 0.2387	 | 	Train Accuracy     : 92.3100

Val Loss     : 0.2255	 | 	Val Accuracy     : 93.1432


Epoch : 3
Train Loss     : 0.1796	 | 	Train Accuracy     : 93.9032

Val Loss     : 0.1980	 | 	Val Accuracy     : 93.0825


Epoch : 4
Train Loss     : 0.1661	 | 	Train Accuracy     : 93.6734

Val Loss     : 0.1852	 | 	Val Accuracy     : 94.1141


Epoch : 5
Train Loss     : 0.1481	 | 	Train Accuracy     : 93.9032

Val Loss     : 0.1543	 | 	Val Accuracy     : 94.1141


Epoch : 6
Train Loss     : 0.1253	 | 	Train Accuracy     : 95.1287

Val Loss     : 0.1459	 | 	Val Accuracy     : 93.7500


Epoch : 7
Train Loss     : 0.1340	 | 	Train Accuracy     : 94.4087

Val Loss     : 0.1396	 | 	Val Accuracy     : 94.5388


Epoch : 8
Train Loss     : 0.1220	 | 	Train Accuracy     : 95.3431

Val Loss     : 0.1377	 | 	Val Accuracy     : 93.8107


Epoch : 9
Train Loss     : 0.1115	 | 	Train Accuracy     : 95.1900

Val Loss     : 0.1339	 | 	Val Accuracy     : 94.7209


Epoch : 10
Train Loss     : 0.1096	 | 	Train Accuracy     : 95.6342

Val Loss     : 0.1246	 | 	Val Accuracy     : 94.4782


Epoch : 11
Train Loss     : 0.1214	 | 	Train Accuracy     : 95.0674

Val Loss     : 0.1228	 | 	Val Accuracy     : 94.9636


Epoch : 12
Train Loss     : 0.1082	 | 	Train Accuracy     : 95.6955

Val Loss     : 0.1203	 | 	Val Accuracy     : 95.2670


Epoch : 13
Train Loss     : 0.1057	 | 	Train Accuracy     : 95.4044

Val Loss     : 0.1178	 | 	Val Accuracy     : 94.7816


Epoch : 14
Train Loss     : 0.1055	 | 	Train Accuracy     : 95.7108

Val Loss     : 0.1189	 | 	Val Accuracy     : 95.0850


Epoch : 15
Train Loss     : 0.1044	 | 	Train Accuracy     : 95.5576

Val Loss     : 0.1170	 | 	Val Accuracy     : 95.0850


Epoch : 16
Train Loss     : 0.1053	 | 	Train Accuracy     : 95.8487

Val Loss     : 0.1146	 | 	Val Accuracy     : 94.9636


Epoch : 17
Train Loss     : 0.1069	 | 	Train Accuracy     : 95.5729

Val Loss     : 0.1135	 | 	Val Accuracy     : 94.9029


Epoch : 18
Train Loss     : 0.1007	 | 	Train Accuracy     : 95.7414

Val Loss     : 0.1136	 | 	Val Accuracy     : 95.3277


Epoch : 19
Train Loss     : 0.0943	 | 	Train Accuracy     : 95.8640

Val Loss     : 0.1125	 | 	Val Accuracy     : 95.2063


Epoch : 20
Train Loss     : 0.1089	 | 	Train Accuracy     : 95.5576

Val Loss     : 0.1089	 | 	Val Accuracy     : 95.3277


Epoch : 21
Train Loss     : 0.1006	 | 	Train Accuracy     : 95.9559

Val Loss     : 0.1079	 | 	Val Accuracy     : 95.2670


Epoch : 22
Train Loss     : 0.1001	 | 	Train Accuracy     : 95.7414

Val Loss     : 0.1067	 | 	Val Accuracy     : 95.4490


Epoch : 23
Train Loss     : 0.1021	 | 	Train Accuracy     : 95.4350

Val Loss     : 0.1104	 | 	Val Accuracy     : 95.2063


Epoch : 24
Train Loss     : 0.0999	 | 	Train Accuracy     : 95.6342

Val Loss     : 0.1038	 | 	Val Accuracy     : 95.3883


Epoch : 25
Train Loss     : 0.1007	 | 	Train Accuracy     : 95.9712

Val Loss     : 0.1086	 | 	Val Accuracy     : 95.3277


Epoch : 26
Train Loss     : 0.0958	 | 	Train Accuracy     : 95.9559

Val Loss     : 0.1122	 | 	Val Accuracy     : 95.2063


Epoch : 27
Train Loss     : 0.0947	 | 	Train Accuracy     : 96.0172

Val Loss     : 0.1050	 | 	Val Accuracy     : 95.3277


Epoch : 28
Train Loss     : 0.0949	 | 	Train Accuracy     : 95.9406

Val Loss     : 0.1092	 | 	Val Accuracy     : 95.2670


Epoch : 29
Train Loss     : 0.0977	 | 	Train Accuracy     : 95.8027

Val Loss     : 0.1033	 | 	Val Accuracy     : 95.3277


Epoch : 30
Train Loss     : 0.0949	 | 	Train Accuracy     : 95.8640

Val Loss     : 0.1007	 | 	Val Accuracy     : 95.7524


Epoch : 31
Train Loss     : 0.0892	 | 	Train Accuracy     : 96.4308

Val Loss     : 0.1016	 | 	Val Accuracy     : 95.5704


Epoch : 32
Train Loss     : 0.0966	 | 	Train Accuracy     : 95.8180

Val Loss     : 0.0995	 | 	Val Accuracy     : 95.5097


Epoch : 33
Train Loss     : 0.0863	 | 	Train Accuracy     : 96.5686

Val Loss     : 0.0989	 | 	Val Accuracy     : 95.5097


Epoch : 34
Train Loss     : 0.0925	 | 	Train Accuracy     : 96.1091

Val Loss     : 0.0992	 | 	Val Accuracy     : 95.3277


Epoch : 35
Train Loss     : 0.0891	 | 	Train Accuracy     : 96.3848

Val Loss     : 0.0963	 | 	Val Accuracy     : 95.6311


Epoch : 36
Train Loss     : 0.0849	 | 	Train Accuracy     : 96.5227

Val Loss     : 0.0990	 | 	Val Accuracy     : 95.7524


Epoch : 37
Train Loss     : 0.0828	 | 	Train Accuracy     : 96.7218

Val Loss     : 0.0961	 | 	Val Accuracy     : 95.5704


Epoch : 38
Train Loss     : 0.0828	 | 	Train Accuracy     : 96.7831

Val Loss     : 0.0941	 | 	Val Accuracy     : 95.7524


Epoch : 39
Train Loss     : 0.0766	 | 	Train Accuracy     : 97.0588

Val Loss     : 0.0951	 | 	Val Accuracy     : 95.5097


Epoch : 40
Train Loss     : 0.0803	 | 	Train Accuracy     : 96.7678

Val Loss     : 0.0949	 | 	Val Accuracy     : 95.9951


Epoch : 41
Train Loss     : 0.0885	 | 	Train Accuracy     : 96.0938

Val Loss     : 0.0953	 | 	Val Accuracy     : 95.7524


Epoch : 42
Train Loss     : 0.0824	 | 	Train Accuracy     : 96.6452

Val Loss     : 0.0946	 | 	Val Accuracy     : 95.6311


Epoch : 43
Train Loss     : 0.0794	 | 	Train Accuracy     : 96.7065

Val Loss     : 0.0908	 | 	Val Accuracy     : 96.1165


Epoch : 44
Train Loss     : 0.0823	 | 	Train Accuracy     : 96.4920

Val Loss     : 0.0950	 | 	Val Accuracy     : 95.9951


Epoch : 45
Train Loss     : 0.0810	 | 	Train Accuracy     : 96.7371

Val Loss     : 0.0947	 | 	Val Accuracy     : 95.7524


Epoch : 46
Train Loss     : 0.0836	 | 	Train Accuracy     : 96.5380

Val Loss     : 0.0932	 | 	Val Accuracy     : 96.1165


Epoch : 47
Train Loss     : 0.0836	 | 	Train Accuracy     : 96.4920

Val Loss     : 0.0902	 | 	Val Accuracy     : 95.9345


Epoch : 48
Train Loss     : 0.0766	 | 	Train Accuracy     : 96.9516

Val Loss     : 0.0874	 | 	Val Accuracy     : 95.6917


Epoch : 49
Train Loss     : 0.0769	 | 	Train Accuracy     : 96.8137

Val Loss     : 0.0866	 | 	Val Accuracy     : 96.2985


Epoch : 50
Train Loss     : 0.0747	 | 	Train Accuracy     : 96.8444

Val Loss     : 0.0888	 | 	Val Accuracy     : 95.6917


Epoch : 51
Train Loss     : 0.0751	 | 	Train Accuracy     : 96.8597

Val Loss     : 0.1015	 | 	Val Accuracy     : 95.4490


Epoch : 52
Train Loss     : 0.0814	 | 	Train Accuracy     : 96.4154

Val Loss     : 0.0952	 | 	Val Accuracy     : 95.8738


Epoch : 53
Train Loss     : 0.0792	 | 	Train Accuracy     : 96.6759

Val Loss     : 0.0896	 | 	Val Accuracy     : 95.6917


Epoch : 54
Train Loss     : 0.0769	 | 	Train Accuracy     : 97.0435

Val Loss     : 0.0877	 | 	Val Accuracy     : 95.9951


Epoch : 55
Train Loss     : 0.0663	 | 	Train Accuracy     : 97.3039

Val Loss     : 0.0856	 | 	Val Accuracy     : 96.2379


Epoch : 56
Train Loss     : 0.0801	 | 	Train Accuracy     : 96.7678

Val Loss     : 0.0894	 | 	Val Accuracy     : 95.9951


Epoch : 57
Train Loss     : 0.0743	 | 	Train Accuracy     : 97.0895

Val Loss     : 0.0923	 | 	Val Accuracy     : 95.6311


Epoch : 58
Train Loss     : 0.0808	 | 	Train Accuracy     : 96.6452

Val Loss     : 0.0947	 | 	Val Accuracy     : 95.5704


Epoch : 59
Train Loss     : 0.0676	 | 	Train Accuracy     : 97.2273

Val Loss     : 0.0891	 | 	Val Accuracy     : 96.2985

Test Loss     : 0.0887	 | 	Test Accuracy     : 96.6505

tensor([[339.,   0.,   0.,   0.,   0.,   0.],
        [  0., 295.,   0.,   0.,   0.,   0.],
        [  0.,   0., 265.,   0.,   0.,   0.],
        [  0.,   0.,   0., 318.,  38.,   0.],
        [  0.,   0.,   0.,  31., 356.,   0.],
        [  0.,   0.,   0.,   0.,   0., 418.]])
tensor([1.0000, 1.0000, 1.0000, 0.8933, 0.9199, 1.0000])
Training time is : 0:01:48.739800
