Namespace(EMA=0.996, aug1='t_warp', aug2='negate', backbone='ResNet18', batch_size=256, cases='random', criterion='NTXent', cuda=0, dataset='uci', device='Phones', framework='simclr', lambda1=1.0, lambda2=1.0, len_sw=120, logdir='log/', lr=0.0001, lr_cls=0.1, lr_mul=10.0, mmb_size=1024, model_name='try_scheduler_simclr_pretrain_uci_eps10_lr0.0001_bs256_aug1t_warp_aug2negate_dim-pdim128-128_EMA0.996_criterion_NTXent_lambda1_1.0_lambda2_1.0_tempunit_tsfm', n_class=6, n_epoch=10, n_feature=6, p=128, phid=128, plt=False, scheduler=True, split_ratio=0.2, target_domain='0', temp_unit='tsfm', weight_decay=1e-06)

Epoch : 0
Train Loss : 5.4542
Val Loss : 0.0000

Epoch : 1
Train Loss : 4.4729
Val Loss : 0.0000

Epoch : 2
Train Loss : 3.9888
Val Loss : 0.0000

Epoch : 3
Train Loss : 3.7456
Val Loss : 0.0000

Epoch : 4
Train Loss : 3.5265
Val Loss : 0.0000

Epoch : 5
Train Loss : 3.3642
Val Loss : 0.0000

Epoch : 6
Train Loss : 3.2745
Val Loss : 0.0000

Epoch : 7
Train Loss : 3.1974
Val Loss : 0.0000

Epoch : 8
Train Loss : 3.1623
Val Loss : 0.0000

Epoch : 9
Train Loss : 3.1305
Val Loss : 0.0000
Test Loss     : 6.6287
