Namespace(EMA=0.996, aug1='t_warp', aug2='negate', backbone='ResNet18', batch_size=256, cases='random', criterion='NTXent', cuda=0, dataset='uci', device='Phones', framework='simclr', lambda1=1.0, lambda2=1.0, len_sw=120, logdir='log/', lr=1e-05, lr_cls=0.1, lr_mul=10.0, mmb_size=1024, model_name='try_scheduler_simclr_pretrain_uci_eps10_lr1e-05_bs256_aug1t_warp_aug2negate_dim-pdim128-128_EMA0.996_criterion_NTXent_lambda1_1.0_lambda2_1.0_tempunit_tsfm', n_class=6, n_epoch=10, n_feature=6, p=128, phid=128, plt=False, scheduler=True, split_ratio=0.2, target_domain='0', temp_unit='tsfm', weight_decay=1e-06)

Epoch : 0
Train Loss : 6.1817
Val Loss : 0.0000

Epoch : 1
Train Loss : 5.7198
Val Loss : 0.0000

Epoch : 2
Train Loss : 5.4343
Val Loss : 0.0000

Epoch : 3
Train Loss : 5.3110
Val Loss : 0.0000

Epoch : 4
Train Loss : 5.1026
Val Loss : 0.0000

Epoch : 5
Train Loss : 4.9865
Val Loss : 0.0000

Epoch : 6
Train Loss : 4.9090
Val Loss : 0.0000

Epoch : 7
Train Loss : 4.8422
Val Loss : 0.0000

Epoch : 8
Train Loss : 4.8182
Val Loss : 0.0000

Epoch : 9
Train Loss : 4.7981
Val Loss : 0.0000
Test Loss     : 6.7429
