Namespace(EMA=0.996, aug1='t_warp', aug2='negate', backbone='ResNet18', batch_size=256, cases='random', criterion='NTXent', cuda=0, dataset='hhar', device='Phones', framework='simclr', lambda1=1.0, lambda2=1.0, len_sw=120, logdir='log/', lr=0.003, lr_cls=0.03, lr_mul=10.0, mmb_size=1024, model_name='try_scheduler_simclr_pretrain_hhar_eps20_lr0.003_bs256_aug1t_warp_aug2negate_dim-pdim128-128_EMA0.996_criterion_NTXent_lambda1_1.0_lambda2_1.0_tempunit_tsfm', n_class=6, n_epoch=20, n_feature=6, p=128, phid=128, plt=False, scheduler=True, split_ratio=0.2, target_domain='0', temp_unit='tsfm', weight_decay=1e-06)

Epoch : 0
Train Loss : 4.4104
Val Loss : 6.1074

Epoch : 1
Train Loss : 3.0757
Val Loss : 6.6570

Epoch : 2
Train Loss : 2.4600
Val Loss : 5.4387

Epoch : 3
Train Loss : 1.9137
Val Loss : 4.8372

Epoch : 4
Train Loss : 1.4550
Val Loss : 4.7087

Epoch : 5
Train Loss : 1.2678
Val Loss : 5.8510

Epoch : 6
Train Loss : 0.9584
Val Loss : 5.7364

Epoch : 7
Train Loss : 0.8177
Val Loss : 5.1320

Epoch : 8
Train Loss : 0.6925
Val Loss : 5.0038

Epoch : 9
Train Loss : 0.7710
Val Loss : 4.3789

Epoch : 10
Train Loss : 0.5838
Val Loss : 4.8667

Epoch : 11
Train Loss : 0.5370
Val Loss : 4.4465

Epoch : 12
Train Loss : 0.4876
Val Loss : 4.8484

Epoch : 13
Train Loss : 0.4424
Val Loss : 4.2154

Epoch : 14
Train Loss : 0.4277
Val Loss : 4.2170

Epoch : 15
Train Loss : 0.3975
Val Loss : 4.2619

Epoch : 16
Train Loss : 0.3848
Val Loss : 4.2027

Epoch : 17
Train Loss : 0.3664
Val Loss : 4.2368

Epoch : 18
Train Loss : 0.3648
Val Loss : 4.2173

Epoch : 19
Train Loss : 0.3484
Val Loss : 4.1991
Test Loss     : 4.2374
