Namespace(EMA=0.996, aug1='t_warp', aug2='negate', backbone='Transformer', batch_size=256, cases='random', criterion='NTXent', cuda=0, dataset='shoaib', device='Phones', framework='nnclr', lambda1=1.0, lambda2=1.0, len_sw=120, logdir='log/', lr=0.002, lr_cls=0.03, lr_mul=10.0, mmb_size=1024, model_name='try_scheduler_nnclr_pretrain_shoaib_eps120_lr0.002_bs256_aug1t_warp_aug2negate_dim-pdim128-128_EMA0.996_criterion_NTXent_lambda1_1.0_lambda2_1.0_tempunit_tsfm', n_class=6, n_epoch=120, n_feature=9, p=128, phid=128, plt=False, scheduler=True, split_ratio=0.2, target_domain='0', temp_unit='tsfm', weight_decay=1e-06)

Epoch : 0
Train Loss : 5.3581
Val Loss : 4.2902

Epoch : 1
Train Loss : 2.9485
Val Loss : 3.2516

Epoch : 2
Train Loss : 2.4061
Val Loss : 3.2502

Epoch : 3
Train Loss : 2.1392
Val Loss : 3.0354

Epoch : 4
Train Loss : 2.0478
Val Loss : 2.9418

Epoch : 5
Train Loss : 2.1263
Val Loss : 2.9829

Epoch : 6
Train Loss : 2.2252
Val Loss : 3.1189

Epoch : 7
Train Loss : 1.9355
Val Loss : 2.8479

Epoch : 8
Train Loss : 1.7131
Val Loss : 2.4331

Epoch : 9
Train Loss : 1.6090
Val Loss : 2.0158

Epoch : 10
Train Loss : 1.5830
Val Loss : 2.2858

Epoch : 11
Train Loss : 1.5306
Val Loss : 2.2554

Epoch : 12
Train Loss : 1.5370
Val Loss : 2.3504

Epoch : 13
Train Loss : 1.5219
Val Loss : 2.5254

Epoch : 14
Train Loss : 1.4959
Val Loss : 2.3195

Epoch : 15
Train Loss : 1.4496
Val Loss : 2.1926

Epoch : 16
Train Loss : 1.4331
Val Loss : 2.3194

Epoch : 17
Train Loss : 1.4296
Val Loss : 2.1015

Epoch : 18
Train Loss : 1.3938
Val Loss : 2.1859

Epoch : 19
Train Loss : 1.3657
Val Loss : 1.8682

Epoch : 20
Train Loss : 1.3527
Val Loss : 1.9767

Epoch : 21
Train Loss : 1.3449
Val Loss : 1.8516

Epoch : 22
Train Loss : 1.3016
Val Loss : 1.9122

Epoch : 23
Train Loss : 1.2884
Val Loss : 1.9334

Epoch : 24
Train Loss : 1.2942
Val Loss : 1.8210

Epoch : 25
Train Loss : 1.2636
Val Loss : 1.8877

Epoch : 26
Train Loss : 1.2549
Val Loss : 2.0085

Epoch : 27
Train Loss : 1.2408
Val Loss : 1.8182

Epoch : 28
Train Loss : 1.2336
Val Loss : 1.7252

Epoch : 29
Train Loss : 1.1924
Val Loss : 1.8153

Epoch : 30
Train Loss : 1.1912
Val Loss : 1.7140

Epoch : 31
Train Loss : 1.1738
Val Loss : 1.8735

Epoch : 32
Train Loss : 1.1637
Val Loss : 1.8292

Epoch : 33
Train Loss : 1.1605
Val Loss : 1.7917

Epoch : 34
Train Loss : 1.1374
Val Loss : 1.6558

Epoch : 35
Train Loss : 1.1078
Val Loss : 1.5203

Epoch : 36
Train Loss : 1.1000
Val Loss : 1.5941

Epoch : 37
Train Loss : 1.0950
Val Loss : 1.5760

Epoch : 38
Train Loss : 1.0782
Val Loss : 1.5897

Epoch : 39
Train Loss : 1.0667
Val Loss : 1.5266

Epoch : 40
Train Loss : 1.0435
Val Loss : 1.5816

Epoch : 41
Train Loss : 1.0410
Val Loss : 1.5039

Epoch : 42
Train Loss : 1.0404
Val Loss : 1.5701

Epoch : 43
Train Loss : 1.0261
Val Loss : 1.4865

Epoch : 44
Train Loss : 1.0198
Val Loss : 1.5183

Epoch : 45
Train Loss : 1.0139
Val Loss : 1.6211

Epoch : 46
Train Loss : 1.0020
Val Loss : 1.4611

Epoch : 47
Train Loss : 0.9837
Val Loss : 1.5209

Epoch : 48
Train Loss : 0.9965
Val Loss : 1.4607

Epoch : 49
Train Loss : 0.9761
Val Loss : 1.4091

Epoch : 50
Train Loss : 0.9715
Val Loss : 1.4523

Epoch : 51
Train Loss : 0.9404
Val Loss : 1.5179

Epoch : 52
Train Loss : 0.9419
Val Loss : 1.4086

Epoch : 53
Train Loss : 0.9378
Val Loss : 1.4439

Epoch : 54
Train Loss : 0.9298
Val Loss : 1.4867

Epoch : 55
Train Loss : 0.9105
Val Loss : 1.4822

Epoch : 56
Train Loss : 0.9061
Val Loss : 1.3929

Epoch : 57
Train Loss : 0.8994
Val Loss : 1.4119

Epoch : 58
Train Loss : 0.8858
Val Loss : 1.3128

Epoch : 59
Train Loss : 0.8885
Val Loss : 1.3314

Epoch : 60
Train Loss : 0.8696
Val Loss : 1.3432

Epoch : 61
Train Loss : 0.8712
Val Loss : 1.3565

Epoch : 62
Train Loss : 0.8702
Val Loss : 1.3377

Epoch : 63
Train Loss : 0.8697
Val Loss : 1.3848

Epoch : 64
Train Loss : 0.8588
Val Loss : 1.3447

Epoch : 65
Train Loss : 0.8625
Val Loss : 1.2679

Epoch : 66
Train Loss : 0.8593
Val Loss : 1.2452

Epoch : 67
Train Loss : 0.8507
Val Loss : 1.2969

Epoch : 68
Train Loss : 0.8509
Val Loss : 1.3384

Epoch : 69
Train Loss : 0.8462
Val Loss : 1.2668

Epoch : 70
Train Loss : 0.8463
Val Loss : 1.2381

Epoch : 71
Train Loss : 0.8338
Val Loss : 1.2830

Epoch : 72
Train Loss : 0.8249
Val Loss : 1.2985

Epoch : 73
Train Loss : 0.8300
Val Loss : 1.3092

Epoch : 74
Train Loss : 0.8202
Val Loss : 1.2345

Epoch : 75
Train Loss : 0.8147
Val Loss : 1.2430

Epoch : 76
Train Loss : 0.8156
Val Loss : 1.2272

Epoch : 77
Train Loss : 0.8154
Val Loss : 1.2396

Epoch : 78
Train Loss : 0.8083
Val Loss : 1.2173

Epoch : 79
Train Loss : 0.7963
Val Loss : 1.2955

Epoch : 80
Train Loss : 0.8147
Val Loss : 1.2676

Epoch : 81
Train Loss : 0.7946
Val Loss : 1.2445

Epoch : 82
Train Loss : 0.7996
Val Loss : 1.2238

Epoch : 83
Train Loss : 0.7952
Val Loss : 1.2388

Epoch : 84
Train Loss : 0.7866
Val Loss : 1.2255

Epoch : 85
Train Loss : 0.7854
Val Loss : 1.2119

Epoch : 86
Train Loss : 0.7942
Val Loss : 1.2024

Epoch : 87
Train Loss : 0.7799
Val Loss : 1.2805

Epoch : 88
Train Loss : 0.7781
Val Loss : 1.2131

Epoch : 89
Train Loss : 0.7764
Val Loss : 1.2480

Epoch : 90
Train Loss : 0.7826
Val Loss : 1.1875

Epoch : 91
Train Loss : 0.7826
Val Loss : 1.2248

Epoch : 92
Train Loss : 0.7651
Val Loss : 1.1946

Epoch : 93
Train Loss : 0.7673
Val Loss : 1.1667

Epoch : 94
Train Loss : 0.7791
Val Loss : 1.2456

Epoch : 95
Train Loss : 0.7676
Val Loss : 1.1985

Epoch : 96
Train Loss : 0.7783
Val Loss : 1.2126

Epoch : 97
Train Loss : 0.7733
Val Loss : 1.1670

Epoch : 98
Train Loss : 0.7633
Val Loss : 1.1796

Epoch : 99
Train Loss : 0.7677
Val Loss : 1.1900

Epoch : 100
Train Loss : 0.7705
Val Loss : 1.1564

Epoch : 101
Train Loss : 0.7610
Val Loss : 1.1967

Epoch : 102
Train Loss : 0.7606
Val Loss : 1.2073

Epoch : 103
Train Loss : 0.7675
Val Loss : 1.1944

Epoch : 104
Train Loss : 0.7702
Val Loss : 1.1834

Epoch : 105
Train Loss : 0.7663
Val Loss : 1.1498

Epoch : 106
Train Loss : 0.7635
Val Loss : 1.1732

Epoch : 107
Train Loss : 0.7597
Val Loss : 1.1786

Epoch : 108
Train Loss : 0.7586
Val Loss : 1.1808

Epoch : 109
Train Loss : 0.7551
Val Loss : 1.1877

Epoch : 110
Train Loss : 0.7608
Val Loss : 1.1946

Epoch : 111
Train Loss : 0.7691
Val Loss : 1.1861

Epoch : 112
Train Loss : 0.7667
Val Loss : 1.1859

Epoch : 113
Train Loss : 0.7567
Val Loss : 1.1862

Epoch : 114
Train Loss : 0.7589
Val Loss : 1.1839

Epoch : 115
Train Loss : 0.7476
Val Loss : 1.1834

Epoch : 116
Train Loss : 0.7614
Val Loss : 1.2009

Epoch : 117
Train Loss : 0.7556
Val Loss : 1.1813

Epoch : 118
Train Loss : 0.7514
Val Loss : 1.1755

Epoch : 119
Train Loss : 0.7512
Val Loss : 1.1902
Test Loss     : 3.5204
