Namespace(EMA=0.996, aug1='t_warp', aug2='negate', backbone='Transformer', batch_size=256, cases='random', criterion='NTXent', cuda=0, dataset='motion', device='Phones', framework='simclr', lambda1=1.0, lambda2=1.0, len_sw=120, logdir='log/', lr=0.003, lr_cls=0.03, lr_mul=10.0, mmb_size=1024, model_name='try_scheduler_simclr_pretrain_motion_eps2_lr0.003_bs256_aug1t_warp_aug2negate_dim-pdim128-128_EMA0.996_criterion_NTXent_lambda1_1.0_lambda2_1.0_tempunit_tsfm', n_class=6, n_epoch=2, n_feature=6, p=128, phid=128, plt=False, scheduler=True, split_ratio=0.2, target_domain='0', temp_unit='tsfm', weight_decay=1e-06)

Epoch : 0
Train Loss     : 6.4366
Val Loss     : 6.2376

Epoch : 1
Train Loss     : 6.2371
Val Loss     : 6.2368
Test Loss     : 6.2368

Epoch : 0
epoch train loss     : 32.3058, train acc     : 71.8750
epoch val loss     : 1.2669, val acc     : 66.2252

Epoch : 1
epoch train loss     : 6.2134, train acc     : 81.7057
epoch val loss     : 0.8724, val acc     : 83.8852
epoch test loss     : 1.7531, test acc     : 83.7748, miF     : 83.7748, maF     : 76.3785
tensor([[  0., 147.,   0.,   0.,   0.,   0.],
        [  0., 759.,   0.,   0.,   0.,   0.],
        [  0.,   0.,   0.,   0.,   0.,   0.],
        [  0.,   0.,   0.,   0.,   0.,   0.],
        [  0.,   0.,   0.,   0.,   0.,   0.],
        [  0.,   0.,   0.,   0.,   0.,   0.]])
tensor([0., 1., nan, nan, nan, nan])
Namespace(EMA=0.996, aug1='t_warp', aug2='negate', backbone='Transformer', batch_size=256, cases='random', criterion='NTXent', cuda=0, dataset='motion', device='Phones', framework='simclr', lambda1=1.0, lambda2=1.0, len_sw=120, logdir='log/', lr=0.003, lr_cls=0.03, lr_mul=10.0, mmb_size=1024, model_name='try_scheduler_simclr_pretrain_motion_eps2_lr0.003_bs256_aug1t_warp_aug2negate_dim-pdim128-128_EMA0.996_criterion_NTXent_lambda1_1.0_lambda2_1.0_tempunit_tsfm', n_class=6, n_epoch=2, n_feature=6, p=128, phid=128, plt=False, scheduler=True, split_ratio=0.2, target_domain='0', temp_unit='tsfm', weight_decay=1e-06)

Epoch : 0
Namespace(EMA=0.996, aug1='t_warp', aug2='negate', backbone='Transformer', batch_size=256, cases='random', criterion='NTXent', cuda=0, dataset='motion', device='Phones', framework='simclr', lambda1=1.0, lambda2=1.0, len_sw=120, logdir='log/', lr=0.003, lr_cls=0.03, lr_mul=10.0, mmb_size=1024, model_name='try_scheduler_simclr_pretrain_motion_eps2_lr0.003_bs256_aug1t_warp_aug2negate_dim-pdim128-128_EMA0.996_criterion_NTXent_lambda1_1.0_lambda2_1.0_tempunit_tsfm', n_class=6, n_epoch=2, n_feature=6, p=128, phid=128, plt=False, scheduler=True, split_ratio=0.2, target_domain='0', temp_unit='tsfm', weight_decay=1e-06)

Epoch : 0
Namespace(EMA=0.996, aug1='t_warp', aug2='negate', backbone='Transformer', batch_size=256, cases='random', criterion='NTXent', cuda=0, dataset='motion', device='Phones', framework='simclr', lambda1=1.0, lambda2=1.0, len_sw=120, logdir='log/', lr=0.003, lr_cls=0.03, lr_mul=10.0, mmb_size=1024, model_name='try_scheduler_simclr_pretrain_motion_eps2_lr0.003_bs256_aug1t_warp_aug2negate_dim-pdim128-128_EMA0.996_criterion_NTXent_lambda1_1.0_lambda2_1.0_tempunit_tsfm', n_class=6, n_epoch=2, n_feature=6, p=128, phid=128, plt=False, scheduler=True, split_ratio=0.2, target_domain='0', temp_unit='tsfm', weight_decay=1e-06)

Epoch : 0
Namespace(EMA=0.996, aug1='t_warp', aug2='negate', backbone='Transformer', batch_size=256, cases='random', criterion='NTXent', cuda=0, dataset='motion', device='Phones', framework='simclr', lambda1=1.0, lambda2=1.0, len_sw=120, logdir='log/', lr=0.003, lr_cls=0.03, lr_mul=10.0, mmb_size=1024, model_name='try_scheduler_simclr_pretrain_motion_eps2_lr0.003_bs256_aug1t_warp_aug2negate_dim-pdim128-128_EMA0.996_criterion_NTXent_lambda1_1.0_lambda2_1.0_tempunit_tsfm', n_class=6, n_epoch=2, n_feature=6, p=128, phid=128, plt=False, scheduler=True, split_ratio=0.2, target_domain='0', temp_unit='tsfm', weight_decay=1e-06)

Epoch : 0
Namespace(EMA=0.996, aug1='t_warp', aug2='negate', backbone='Transformer', batch_size=256, cases='random', criterion='NTXent', cuda=0, dataset='motion', device='Phones', framework='simclr', lambda1=1.0, lambda2=1.0, len_sw=120, logdir='log/', lr=0.003, lr_cls=0.03, lr_mul=10.0, mmb_size=1024, model_name='try_scheduler_simclr_pretrain_motion_eps2_lr0.003_bs256_aug1t_warp_aug2negate_dim-pdim128-128_EMA0.996_criterion_NTXent_lambda1_1.0_lambda2_1.0_tempunit_tsfm', n_class=6, n_epoch=2, n_feature=6, p=128, phid=128, plt=False, scheduler=True, split_ratio=0.2, target_domain='0', temp_unit='tsfm', weight_decay=1e-06)

Epoch : 0
Train Loss : 7.2631
Namespace(EMA=0.996, aug1='t_warp', aug2='negate', backbone='Transformer', batch_size=256, cases='random', criterion='NTXent', cuda=0, dataset='motion', device='Phones', framework='simclr', lambda1=1.0, lambda2=1.0, len_sw=120, logdir='log/', lr=0.003, lr_cls=0.03, lr_mul=10.0, mmb_size=1024, model_name='try_scheduler_simclr_pretrain_motion_eps2_lr0.003_bs256_aug1t_warp_aug2negate_dim-pdim128-128_EMA0.996_criterion_NTXent_lambda1_1.0_lambda2_1.0_tempunit_tsfm', n_class=6, n_epoch=2, n_feature=6, p=128, phid=128, plt=False, scheduler=True, split_ratio=0.2, target_domain='0', temp_unit='tsfm', weight_decay=1e-06)

Epoch : 0
Train Loss : 6.5395
Namespace(EMA=0.996, aug1='t_warp', aug2='negate', backbone='Transformer', batch_size=256, cases='random', criterion='NTXent', cuda=0, dataset='motion', device='Phones', framework='simclr', lambda1=1.0, lambda2=1.0, len_sw=120, logdir='log/', lr=0.003, lr_cls=0.03, lr_mul=10.0, mmb_size=1024, model_name='try_scheduler_simclr_pretrain_motion_eps2_lr0.003_bs256_aug1t_warp_aug2negate_dim-pdim128-128_EMA0.996_criterion_NTXent_lambda1_1.0_lambda2_1.0_tempunit_tsfm', n_class=6, n_epoch=2, n_feature=6, p=128, phid=128, plt=False, scheduler=True, split_ratio=0.2, target_domain='0', temp_unit='tsfm', weight_decay=1e-06)

Epoch : 0
Train Loss : 6.5395
Namespace(EMA=0.996, aug1='t_warp', aug2='negate', backbone='Transformer', batch_size=256, cases='random', criterion='NTXent', cuda=0, dataset='motion', device='Phones', framework='simclr', lambda1=1.0, lambda2=1.0, len_sw=120, logdir='log/', lr=0.003, lr_cls=0.03, lr_mul=10.0, mmb_size=1024, model_name='try_scheduler_simclr_pretrain_motion_eps2_lr0.003_bs256_aug1t_warp_aug2negate_dim-pdim128-128_EMA0.996_criterion_NTXent_lambda1_1.0_lambda2_1.0_tempunit_tsfm', n_class=6, n_epoch=2, n_feature=6, p=128, phid=128, plt=False, scheduler=True, split_ratio=0.2, target_domain='0', temp_unit='tsfm', weight_decay=1e-06)

Epoch : 0
Namespace(EMA=0.996, aug1='t_warp', aug2='negate', backbone='Transformer', batch_size=256, cases='random', criterion='NTXent', cuda=0, dataset='motion', device='Phones', framework='simclr', lambda1=1.0, lambda2=1.0, len_sw=120, logdir='log/', lr=0.003, lr_cls=0.03, lr_mul=10.0, mmb_size=1024, model_name='try_scheduler_simclr_pretrain_motion_eps2_lr0.003_bs256_aug1t_warp_aug2negate_dim-pdim128-128_EMA0.996_criterion_NTXent_lambda1_1.0_lambda2_1.0_tempunit_tsfm', n_class=6, n_epoch=2, n_feature=6, p=128, phid=128, plt=False, scheduler=True, split_ratio=0.2, target_domain='0', temp_unit='tsfm', weight_decay=1e-06)

Epoch : 0
Train Loss : 7.1737
Namespace(EMA=0.996, aug1='t_warp', aug2='negate', backbone='Transformer', batch_size=256, cases='random', criterion='NTXent', cuda=0, dataset='motion', device='Phones', framework='simclr', lambda1=1.0, lambda2=1.0, len_sw=120, logdir='log/', lr=0.003, lr_cls=0.03, lr_mul=10.0, mmb_size=1024, model_name='try_scheduler_simclr_pretrain_motion_eps2_lr0.003_bs256_aug1t_warp_aug2negate_dim-pdim128-128_EMA0.996_criterion_NTXent_lambda1_1.0_lambda2_1.0_tempunit_tsfm', n_class=6, n_epoch=2, n_feature=6, p=128, phid=128, plt=False, scheduler=True, split_ratio=0.2, target_domain='0', temp_unit='tsfm', weight_decay=1e-06)

Epoch : 0
Train Loss : 7.1737
Namespace(EMA=0.996, aug1='t_warp', aug2='negate', backbone='Transformer', batch_size=256, cases='random', criterion='NTXent', cuda=0, dataset='motion', device='Phones', framework='simclr', lambda1=1.0, lambda2=1.0, len_sw=120, logdir='log/', lr=0.003, lr_cls=0.03, lr_mul=10.0, mmb_size=1024, model_name='try_scheduler_simclr_pretrain_motion_eps2_lr0.003_bs256_aug1t_warp_aug2negate_dim-pdim128-128_EMA0.996_criterion_NTXent_lambda1_1.0_lambda2_1.0_tempunit_tsfm', n_class=6, n_epoch=2, n_feature=6, p=128, phid=128, plt=False, scheduler=True, split_ratio=0.2, target_domain='0', temp_unit='tsfm', weight_decay=1e-06)

Epoch : 0
Train Loss : 7.1737
Val Loss : 6.2364

Epoch : 1
Train Loss : 6.2364
Val Loss : 6.2364
Namespace(EMA=0.996, aug1='t_warp', aug2='negate', backbone='Transformer', batch_size=256, cases='random', criterion='NTXent', cuda=0, dataset='motion', device='Phones', framework='simclr', lambda1=1.0, lambda2=1.0, len_sw=120, logdir='log/', lr=0.003, lr_cls=0.03, lr_mul=10.0, mmb_size=1024, model_name='try_scheduler_simclr_pretrain_motion_eps2_lr0.003_bs256_aug1t_warp_aug2negate_dim-pdim128-128_EMA0.996_criterion_NTXent_lambda1_1.0_lambda2_1.0_tempunit_tsfm', n_class=6, n_epoch=2, n_feature=6, p=128, phid=128, plt=False, scheduler=True, split_ratio=0.2, target_domain='0', temp_unit='tsfm', weight_decay=1e-06)

Epoch : 0
Train Loss : 7.1737
Val Loss : 6.2364

Epoch : 1
Train Loss : 6.2364
Val Loss : 6.2364
Test Loss     : 6.2364

Epoch : 0
Namespace(EMA=0.996, aug1='t_warp', aug2='negate', backbone='Transformer', batch_size=256, cases='random', criterion='NTXent', cuda=0, dataset='motion', device='Phones', framework='simclr', lambda1=1.0, lambda2=1.0, len_sw=120, logdir='log/', lr=0.003, lr_cls=0.03, lr_mul=10.0, mmb_size=1024, model_name='try_scheduler_simclr_pretrain_motion_eps2_lr0.003_bs256_aug1t_warp_aug2negate_dim-pdim128-128_EMA0.996_criterion_NTXent_lambda1_1.0_lambda2_1.0_tempunit_tsfm', n_class=6, n_epoch=2, n_feature=6, p=128, phid=128, plt=False, scheduler=True, split_ratio=0.2, target_domain='0', temp_unit='tsfm', weight_decay=1e-06)

Epoch : 0
Train Loss : 7.1737
Val Loss : 6.2364

Epoch : 1
Train Loss : 6.2364
Val Loss : 6.2364
Test Loss     : 6.2364

Epoch : 0
epoch train loss     : 27.7494, train acc     : 0.0000
epoch val loss     : 4.6195, val acc     : 0.0000

Epoch : 1
epoch train loss     : 27.7351, train acc     : 0.0000
epoch val loss     : 4.6195, val acc     : 0.0000
Namespace(EMA=0.996, aug1='t_warp', aug2='negate', backbone='Transformer', batch_size=256, cases='random', criterion='NTXent', cuda=0, dataset='motion', device='Phones', framework='simclr', lambda1=1.0, lambda2=1.0, len_sw=120, logdir='log/', lr=0.003, lr_cls=0.03, lr_mul=10.0, mmb_size=1024, model_name='try_scheduler_simclr_pretrain_motion_eps2_lr0.003_bs256_aug1t_warp_aug2negate_dim-pdim128-128_EMA0.996_criterion_NTXent_lambda1_1.0_lambda2_1.0_tempunit_tsfm', n_class=6, n_epoch=2, n_feature=6, p=128, phid=128, plt=False, scheduler=True, split_ratio=0.2, target_domain='0', temp_unit='tsfm', weight_decay=1e-06)

Epoch : 0
Train Loss : 7.1737
Val Loss : 6.2364

Epoch : 1
Train Loss : 6.2364
Val Loss : 6.2364
Test Loss     : 6.2364
Namespace(EMA=0.996, aug1='t_warp', aug2='negate', backbone='Transformer', batch_size=256, cases='random', criterion='NTXent', cuda=0, dataset='motion', device='Phones', framework='simclr', lambda1=1.0, lambda2=1.0, len_sw=120, logdir='log/', lr=0.003, lr_cls=0.03, lr_mul=10.0, mmb_size=1024, model_name='try_scheduler_simclr_pretrain_motion_eps2_lr0.003_bs256_aug1t_warp_aug2negate_dim-pdim128-128_EMA0.996_criterion_NTXent_lambda1_1.0_lambda2_1.0_tempunit_tsfm', n_class=6, n_epoch=2, n_feature=6, p=128, phid=128, plt=False, scheduler=True, split_ratio=0.2, target_domain='0', temp_unit='tsfm', weight_decay=1e-06)

Epoch : 0
Train Loss : 7.1737
Val Loss : 6.2364

Epoch : 1
Train Loss : 6.2364
Val Loss : 6.2364
Test Loss     : 6.2364
Namespace(EMA=0.996, aug1='t_warp', aug2='negate', backbone='Transformer', batch_size=256, cases='random', criterion='NTXent', cuda=0, dataset='motion', device='Phones', framework='simclr', lambda1=1.0, lambda2=1.0, len_sw=120, logdir='log/', lr=0.003, lr_cls=0.03, lr_mul=10.0, mmb_size=1024, model_name='try_scheduler_simclr_pretrain_motion_eps2_lr0.003_bs256_aug1t_warp_aug2negate_dim-pdim128-128_EMA0.996_criterion_NTXent_lambda1_1.0_lambda2_1.0_tempunit_tsfm', n_class=6, n_epoch=2, n_feature=6, p=128, phid=128, plt=False, scheduler=True, split_ratio=0.2, target_domain='0', temp_unit='tsfm', weight_decay=1e-06)

Epoch : 0
Train Loss : 7.1661
Val Loss : 6.2364

Epoch : 1
Train Loss : 6.2364
Val Loss : 6.2364
Test Loss     : 6.2364
