Namespace(EMA=0.996, aug1='t_warp', aug2='negate', backbone='Transformer', batch_size=256, cases='random', criterion='NTXent', cuda=0, dataset='shoaib', device='Phones', framework='simclr', lambda1=1.0, lambda2=1.0, len_sw=120, logdir='log/', lr=0.001, lr_cls=0.03, lr_mul=10.0, mmb_size=1024, model_name='try_scheduler_simclr_pretrain_shoaib_eps120_lr0.001_bs256_aug1t_warp_aug2negate_dim-pdim128-128_EMA0.996_criterion_NTXent_lambda1_1.0_lambda2_1.0_tempunit_tsfm', n_class=6, n_epoch=120, n_feature=9, p=128, phid=128, plt=False, scheduler=True, split_ratio=0.2, target_domain='0', temp_unit='tsfm', weight_decay=1e-06)

Epoch : 0
Train Loss : 4.8666
Val Loss : 3.1777

Epoch : 1
Train Loss : 2.9704
Val Loss : 2.8192

Epoch : 2
Train Loss : 2.6116
Val Loss : 2.3007

Epoch : 3
Train Loss : 2.0142
Val Loss : 1.7760

Epoch : 4
Train Loss : 1.7501
Val Loss : 1.4670

Epoch : 5
Train Loss : 1.2973
Val Loss : 1.1050

Epoch : 6
Train Loss : 1.0623
Val Loss : 1.0129

Epoch : 7
Train Loss : 0.9369
Val Loss : 0.8930

Epoch : 8
Train Loss : 0.8342
Val Loss : 0.8016

Epoch : 9
Train Loss : 0.7626
Val Loss : 0.7413

Epoch : 10
Train Loss : 0.7144
Val Loss : 0.6723

Epoch : 11
Train Loss : 0.6808
Val Loss : 0.6805

Epoch : 12
Train Loss : 0.6321
Val Loss : 0.6124

Epoch : 13
Train Loss : 0.6006
Val Loss : 0.6172

Epoch : 14
Train Loss : 0.6118
Val Loss : 0.6095

Epoch : 15
Train Loss : 0.5482
Val Loss : 0.5612

Epoch : 16
Train Loss : 0.5309
Val Loss : 0.5703

Epoch : 17
Train Loss : 0.5346
Val Loss : 0.5507

Epoch : 18
Train Loss : 0.5201
Val Loss : 0.5227

Epoch : 19
Train Loss : 0.5398
Val Loss : 0.5386

Epoch : 20
Train Loss : 0.5089
Val Loss : 0.4970

Epoch : 21
Train Loss : 0.4859
Val Loss : 0.4742

Epoch : 22
Train Loss : 0.4665
Val Loss : 0.4831

Epoch : 23
Train Loss : 0.4605
Val Loss : 0.4692

Epoch : 24
Train Loss : 0.4600
Val Loss : 0.4740

Epoch : 25
Train Loss : 0.4407
Val Loss : 0.4628

Epoch : 26
Train Loss : 0.4291
Val Loss : 0.4051

Epoch : 27
Train Loss : 0.4007
Val Loss : 0.4058

Epoch : 28
Train Loss : 0.3936
Val Loss : 0.4071

Epoch : 29
Train Loss : 0.3997
Val Loss : 0.3938

Epoch : 30
Train Loss : 0.3775
Val Loss : 0.3812

Epoch : 31
Train Loss : 0.3760
Val Loss : 0.3622

Epoch : 32
Train Loss : 0.3706
Val Loss : 0.3561

Epoch : 33
Train Loss : 0.3551
Val Loss : 0.3556

Epoch : 34
Train Loss : 0.3610
Val Loss : 0.3916

Epoch : 35
Train Loss : 0.3722
Val Loss : 0.3554

Epoch : 36
Train Loss : 0.3501
Val Loss : 0.3604

Epoch : 37
Train Loss : 0.3398
Val Loss : 0.3520

Epoch : 38
Train Loss : 0.3261
Val Loss : 0.3368

Epoch : 39
Train Loss : 0.3142
Val Loss : 0.3147

Epoch : 40
Train Loss : 0.3209
Val Loss : 0.3154

Epoch : 41
Train Loss : 0.3298
Val Loss : 0.3678

Epoch : 42
Train Loss : 0.3178
Val Loss : 0.3233

Epoch : 43
Train Loss : 0.3080
Val Loss : 0.3183

Epoch : 44
Train Loss : 0.3207
Val Loss : 0.3173

Epoch : 45
Train Loss : 0.3082
Val Loss : 0.3206

Epoch : 46
Train Loss : 0.3141
Val Loss : 0.3234

Epoch : 47
Train Loss : 0.3171
Val Loss : 0.3095

Epoch : 48
Train Loss : 0.3007
Val Loss : 0.2989

Epoch : 49
Train Loss : 0.2872
Val Loss : 0.3026

Epoch : 50
Train Loss : 0.3028
Val Loss : 0.2997

Epoch : 51
Train Loss : 0.2994
Val Loss : 0.2972

Epoch : 52
Train Loss : 0.2949
Val Loss : 0.2917

Epoch : 53
Train Loss : 0.2794
Val Loss : 0.2881

Epoch : 54
Train Loss : 0.2945
Val Loss : 0.2909

Epoch : 55
Train Loss : 0.2774
Val Loss : 0.2921

Epoch : 56
Train Loss : 0.2699
Val Loss : 0.2892

Epoch : 57
Train Loss : 0.2809
Val Loss : 0.2945

Epoch : 58
Train Loss : 0.2874
Val Loss : 0.2887

Epoch : 59
Train Loss : 0.2809
Val Loss : 0.2885

Epoch : 60
Train Loss : 0.2808
Val Loss : 0.2851

Epoch : 61
Train Loss : 0.2787
Val Loss : 0.2918

Epoch : 62
Train Loss : 0.2738
Val Loss : 0.2892

Epoch : 63
Train Loss : 0.2757
Val Loss : 0.2778

Epoch : 64
Train Loss : 0.2714
Val Loss : 0.2870

Epoch : 65
Train Loss : 0.2688
Val Loss : 0.2801

Epoch : 66
Train Loss : 0.2699
Val Loss : 0.2752

Epoch : 67
Train Loss : 0.2618
Val Loss : 0.2752

Epoch : 68
Train Loss : 0.2637
Val Loss : 0.2689

Epoch : 69
Train Loss : 0.2615
Val Loss : 0.2687

Epoch : 70
Train Loss : 0.2577
Val Loss : 0.2705

Epoch : 71
Train Loss : 0.2572
Val Loss : 0.2673

Epoch : 72
Train Loss : 0.2571
Val Loss : 0.2683

Epoch : 73
Train Loss : 0.2563
Val Loss : 0.2667

Epoch : 74
Train Loss : 0.2553
Val Loss : 0.2590

Epoch : 75
Train Loss : 0.2608
Val Loss : 0.2615

Epoch : 76
Train Loss : 0.2504
Val Loss : 0.2607

Epoch : 77
Train Loss : 0.2579
Val Loss : 0.2614

Epoch : 78
Train Loss : 0.2498
Val Loss : 0.2586

Epoch : 79
Train Loss : 0.2519
Val Loss : 0.2581

Epoch : 80
Train Loss : 0.2402
Val Loss : 0.2598

Epoch : 81
Train Loss : 0.2439
Val Loss : 0.2616

Epoch : 82
Train Loss : 0.2471
Val Loss : 0.2557

Epoch : 83
Train Loss : 0.2429
Val Loss : 0.2528

Epoch : 84
Train Loss : 0.2347
Val Loss : 0.2525

Epoch : 85
Train Loss : 0.2415
Val Loss : 0.2533

Epoch : 86
Train Loss : 0.2385
Val Loss : 0.2550

Epoch : 87
Train Loss : 0.2390
Val Loss : 0.2546

Epoch : 88
Train Loss : 0.2303
Val Loss : 0.2480

Epoch : 89
Train Loss : 0.2303
Val Loss : 0.2499

Epoch : 90
Train Loss : 0.2286
Val Loss : 0.2465

Epoch : 91
Train Loss : 0.2342
Val Loss : 0.2508

Epoch : 92
Train Loss : 0.2356
Val Loss : 0.2493

Epoch : 93
Train Loss : 0.2301
Val Loss : 0.2488

Epoch : 94
Train Loss : 0.2325
Val Loss : 0.2456

Epoch : 95
Train Loss : 0.2286
Val Loss : 0.2446

Epoch : 96
Train Loss : 0.2350
Val Loss : 0.2428

Epoch : 97
Train Loss : 0.2284
Val Loss : 0.2457

Epoch : 98
Train Loss : 0.2319
Val Loss : 0.2433

Epoch : 99
Train Loss : 0.2250
Val Loss : 0.2445

Epoch : 100
Train Loss : 0.2286
Val Loss : 0.2442

Epoch : 101
Train Loss : 0.2279
Val Loss : 0.2404

Epoch : 102
Train Loss : 0.2317
Val Loss : 0.2434

Epoch : 103
Train Loss : 0.2310
Val Loss : 0.2415

Epoch : 104
Train Loss : 0.2266
Val Loss : 0.2436

Epoch : 105
Train Loss : 0.2259
Val Loss : 0.2418

Epoch : 106
Train Loss : 0.2221
Val Loss : 0.2389

Epoch : 107
Train Loss : 0.2300
Val Loss : 0.2407

Epoch : 108
Train Loss : 0.2256
Val Loss : 0.2380

Epoch : 109
Train Loss : 0.2257
Val Loss : 0.2418

Epoch : 110
Train Loss : 0.2306
Val Loss : 0.2426

Epoch : 111
Train Loss : 0.2240
Val Loss : 0.2414

Epoch : 112
Train Loss : 0.2298
Val Loss : 0.2374

Epoch : 113
Train Loss : 0.2196
Val Loss : 0.2372

Epoch : 114
Train Loss : 0.2185
Val Loss : 0.2385

Epoch : 115
Train Loss : 0.2182
Val Loss : 0.2412

Epoch : 116
Train Loss : 0.2273
Val Loss : 0.2385

Epoch : 117
Train Loss : 0.2151
Val Loss : 0.2394

Epoch : 118
Train Loss : 0.2251
Val Loss : 0.2389

Epoch : 119
Train Loss : 0.2218
Val Loss : 0.2375
Test Loss     : 0.2373
Namespace(EMA=0.996, aug1='t_warp', aug2='negate', backbone='Transformer', batch_size=256, cases='random', criterion='NTXent', cuda=0, dataset='shoaib', device='Phones', framework='simclr', lambda1=1.0, lambda2=1.0, len_sw=120, logdir='log/', lr=0.001, lr_cls=0.03, lr_mul=10.0, mmb_size=1024, model_name='try_scheduler_simclr_pretrain_shoaib_eps120_lr0.001_bs256_aug1t_warp_aug2negate_dim-pdim128-128_EMA0.996_criterion_NTXent_lambda1_1.0_lambda2_1.0_tempunit_tsfm', n_class=3, n_epoch=120, n_feature=9, p=128, phid=128, plt=False, scheduler=True, split_ratio=0.2, target_domain='0', temp_unit='tsfm', weight_decay=1e-06)

Epoch : 0
Train Loss : 4.7108
Val Loss : 3.0558

Epoch : 1
Train Loss : 2.9317
Val Loss : 2.8118

Epoch : 2
Train Loss : 2.6402
Val Loss : 2.3306

Epoch : 3
Train Loss : 2.1150
Val Loss : 1.8778

Epoch : 4
Train Loss : 1.6754
Val Loss : 1.5238

Epoch : 5
Train Loss : 1.4100
Val Loss : 1.2404

Epoch : 6
Train Loss : 1.1202
Val Loss : 0.9621

Epoch : 7
Train Loss : 0.8996
Val Loss : 0.8283

Epoch : 8
Train Loss : 0.7619
Val Loss : 0.7056

Epoch : 9
Train Loss : 0.6546
Val Loss : 0.6990

Epoch : 10
Train Loss : 0.6189
Val Loss : 0.5849

Epoch : 11
Train Loss : 0.5579
Val Loss : 0.5714

Epoch : 12
Train Loss : 0.5321
Val Loss : 0.5391

Epoch : 13
Train Loss : 0.5378
Val Loss : 0.5354

Epoch : 14
Train Loss : 0.5011
Val Loss : 0.4906

Epoch : 15
Train Loss : 0.4568
Val Loss : 0.4581

Epoch : 16
Train Loss : 0.4314
Val Loss : 0.4730

Epoch : 17
Train Loss : 0.4549
Val Loss : 0.4859

Epoch : 18
Train Loss : 0.4302
Val Loss : 0.4314

Epoch : 19
Train Loss : 0.4296
Val Loss : 0.4290

Epoch : 20
Train Loss : 0.3996
Val Loss : 0.4123

Epoch : 21
Train Loss : 0.3858
Val Loss : 0.4040

Epoch : 22
Train Loss : 0.3846
Val Loss : 0.4031

Epoch : 23
Train Loss : 0.3647
Val Loss : 0.3873

Epoch : 24
Train Loss : 0.3542
Val Loss : 0.3891

Epoch : 25
Train Loss : 0.3510
Val Loss : 0.3675

Epoch : 26
Train Loss : 0.3357
Val Loss : 0.3747

Epoch : 27
Train Loss : 0.3419
Val Loss : 0.3601

Epoch : 28
Train Loss : 0.3376
Val Loss : 0.3520

Epoch : 29
Train Loss : 0.3473
Val Loss : 0.3850

Epoch : 30
Train Loss : 0.3407
Val Loss : 0.3488

Epoch : 31
Train Loss : 0.3270
Val Loss : 0.3430

Epoch : 32
Train Loss : 0.3269
Val Loss : 0.3516

Epoch : 33
Train Loss : 0.3212
Val Loss : 0.3425

Epoch : 34
Train Loss : 0.3210
Val Loss : 0.3409

Epoch : 35
Train Loss : 0.3186
Val Loss : 0.3344

Epoch : 36
Train Loss : 0.3164
Val Loss : 0.3313

Epoch : 37
Train Loss : 0.3100
Val Loss : 0.3341

Epoch : 38
Train Loss : 0.2944
Val Loss : 0.3378

Epoch : 39
Train Loss : 0.2882
Val Loss : 0.3155

Epoch : 40
Train Loss : 0.3015
Val Loss : 0.3062

Epoch : 41
Train Loss : 0.2978
Val Loss : 0.3080

Epoch : 42
Train Loss : 0.2913
Val Loss : 0.3080

Epoch : 43
Train Loss : 0.2876
Val Loss : 0.2996

Epoch : 44
Train Loss : 0.2851
Val Loss : 0.2964

Epoch : 45
Train Loss : 0.2823
Val Loss : 0.3005

Epoch : 46
Train Loss : 0.2798
Val Loss : 0.2962

Epoch : 47
Train Loss : 0.2756
Val Loss : 0.2917

Epoch : 48
Train Loss : 0.2718
Val Loss : 0.2972

Epoch : 49
Train Loss : 0.2756
Val Loss : 0.2962

Epoch : 50
Train Loss : 0.2760
Val Loss : 0.2965

Epoch : 51
Train Loss : 0.2730
Val Loss : 0.2888

Epoch : 52
Train Loss : 0.2720
Val Loss : 0.2850

Epoch : 53
Train Loss : 0.2697
Val Loss : 0.2837

Epoch : 54
Train Loss : 0.2702
Val Loss : 0.2822

Epoch : 55
Train Loss : 0.2696
Val Loss : 0.2851

Epoch : 56
Train Loss : 0.2637
Val Loss : 0.2863

Epoch : 57
Train Loss : 0.2596
Val Loss : 0.2785

Epoch : 58
Train Loss : 0.2708
Val Loss : 0.2798

Epoch : 59
Train Loss : 0.2612
Val Loss : 0.2758

Epoch : 60
Train Loss : 0.2607
Val Loss : 0.2783

Epoch : 61
Train Loss : 0.2535
Val Loss : 0.2651

Epoch : 62
Train Loss : 0.2603
Val Loss : 0.2669

Epoch : 63
Train Loss : 0.2537
Val Loss : 0.2778

Epoch : 64
Train Loss : 0.2571
Val Loss : 0.2775

Epoch : 65
Train Loss : 0.2491
Val Loss : 0.2650

Epoch : 66
Train Loss : 0.2538
Val Loss : 0.2569

Epoch : 67
Train Loss : 0.2530
Val Loss : 0.2551

Epoch : 68
Train Loss : 0.2471
Val Loss : 0.2589

Epoch : 69
Train Loss : 0.2487
Val Loss : 0.2626

Epoch : 70
Train Loss : 0.2381
Val Loss : 0.2562

Epoch : 71
Train Loss : 0.2385
Val Loss : 0.2644

Epoch : 72
Train Loss : 0.2451
Val Loss : 0.2600

Epoch : 73
Train Loss : 0.2572
Val Loss : 0.2571

Epoch : 74
Train Loss : 0.2339
Val Loss : 0.2494

Epoch : 75
Train Loss : 0.2441
Val Loss : 0.2493

Epoch : 76
Train Loss : 0.2362
Val Loss : 0.2525

Epoch : 77
Train Loss : 0.2434
Val Loss : 0.2489

Epoch : 78
Train Loss : 0.2427
Val Loss : 0.2486

Epoch : 79
Train Loss : 0.2376
Val Loss : 0.2500

Epoch : 80
Train Loss : 0.2296
Val Loss : 0.2478

Epoch : 81
Train Loss : 0.2366
Val Loss : 0.2469

Epoch : 82
Train Loss : 0.2327
Val Loss : 0.2415

Epoch : 83
Train Loss : 0.2303
Val Loss : 0.2433

Epoch : 84
Train Loss : 0.2243
Val Loss : 0.2398

Epoch : 85
Train Loss : 0.2257
Val Loss : 0.2451

Epoch : 86
Train Loss : 0.2253
Val Loss : 0.2399

Epoch : 87
Train Loss : 0.2212
Val Loss : 0.2373

Epoch : 88
Train Loss : 0.2275
Val Loss : 0.2428

Epoch : 89
Train Loss : 0.2222
Val Loss : 0.2352

Epoch : 90
Train Loss : 0.2224
Val Loss : 0.2380

Epoch : 91
Train Loss : 0.2161
Val Loss : 0.2350

Epoch : 92
Train Loss : 0.2175
Val Loss : 0.2337

Epoch : 93
Train Loss : 0.2204
Val Loss : 0.2320

Epoch : 94
Train Loss : 0.2162
Val Loss : 0.2308

Epoch : 95
Train Loss : 0.2193
Val Loss : 0.2353

Epoch : 96
Train Loss : 0.2228
Val Loss : 0.2329

Epoch : 97
Train Loss : 0.2205
Val Loss : 0.2331

Epoch : 98
Train Loss : 0.2155
Val Loss : 0.2311

Epoch : 99
Train Loss : 0.2193
Val Loss : 0.2265

Epoch : 100
Train Loss : 0.2120
Val Loss : 0.2300

Epoch : 101
Train Loss : 0.2058
Val Loss : 0.2282

Epoch : 102
Train Loss : 0.2055
Val Loss : 0.2284

Epoch : 103
Train Loss : 0.2117
Val Loss : 0.2298

Epoch : 104
Train Loss : 0.2057
Val Loss : 0.2290

Epoch : 105
Train Loss : 0.2118
Val Loss : 0.2276

Epoch : 106
Train Loss : 0.2118
Val Loss : 0.2264

Epoch : 107
Train Loss : 0.2092
Val Loss : 0.2265

Epoch : 108
Train Loss : 0.2083
Val Loss : 0.2260

Epoch : 109
Train Loss : 0.2135
Val Loss : 0.2305

Epoch : 110
Train Loss : 0.2115
Val Loss : 0.2240

Epoch : 111
Train Loss : 0.2067
Val Loss : 0.2276

Epoch : 112
Train Loss : 0.2081
Val Loss : 0.2273

Epoch : 113
Train Loss : 0.2130
Val Loss : 0.2239

Epoch : 114
Train Loss : 0.2070
Val Loss : 0.2254

Epoch : 115
Train Loss : 0.2052
Val Loss : 0.2272

Epoch : 116
Train Loss : 0.2073
Val Loss : 0.2278

Epoch : 117
Train Loss : 0.2053
Val Loss : 0.2250

Epoch : 118
Train Loss : 0.2107
Val Loss : 0.2263

Epoch : 119
Train Loss : 0.2086
Val Loss : 0.2264
