Namespace(EMA=0.996, aug1='t_warp', aug2='negate', backbone='ResNet18', batch_size=256, cases='random', criterion='NTXent', cuda=0, dataset='uci', device='Phones', framework='simclr', lambda1=1.0, lambda2=1.0, len_sw=120, logdir='log/', lr=0.0001, lr_cls=0.1, lr_mul=10.0, mmb_size=1024, model_name='try_scheduler_simclr_pretrain_uci_eps50_lr0.0001_bs256_aug1t_warp_aug2negate_dim-pdim128-128_EMA0.996_criterion_NTXent_lambda1_1.0_lambda2_1.0_tempunit_tsfm', n_class=6, n_epoch=50, n_feature=6, p=128, phid=128, plt=False, scheduler=True, split_ratio=0.2, target_domain='0', temp_unit='tsfm', weight_decay=1e-06)

Epoch : 0
Train Loss : 5.7355
Val Loss : 0.0000

Epoch : 1
Train Loss : 5.2703
Val Loss : 0.0000

Epoch : 2
Train Loss : 4.9744
Val Loss : 0.0000

Epoch : 3
Train Loss : 4.7050
Val Loss : 0.0000

Epoch : 4
Train Loss : 4.4360
Val Loss : 0.0000

Epoch : 5
Train Loss : 4.1839
Val Loss : 0.0000

Epoch : 6
Train Loss : 3.9449
Val Loss : 0.0000

Epoch : 7
Train Loss : 3.7410
Val Loss : 0.0000

Epoch : 8
Train Loss : 3.5599
Val Loss : 0.0000

Epoch : 9
Train Loss : 3.4045
Val Loss : 0.0000

Epoch : 10
Train Loss : 3.2476
Val Loss : 0.0000

Epoch : 11
Train Loss : 3.1231
Val Loss : 0.0000

Epoch : 12
Train Loss : 2.9995
Val Loss : 0.0000

Epoch : 13
Train Loss : 2.8667
Val Loss : 0.0000

Epoch : 14
Train Loss : 2.7577
Val Loss : 0.0000

Epoch : 15
Train Loss : 2.6556
Val Loss : 0.0000

Epoch : 16
Train Loss : 2.5374
Val Loss : 0.0000

Epoch : 17
Train Loss : 2.4621
Val Loss : 0.0000

Epoch : 18
Train Loss : 2.3828
Val Loss : 0.0000

Epoch : 19
Train Loss : 2.3012
Val Loss : 0.0000

Epoch : 20
Train Loss : 2.2195
Val Loss : 0.0000

Epoch : 21
Train Loss : 2.1313
Val Loss : 0.0000

Epoch : 22
Train Loss : 2.0583
Val Loss : 0.0000

Epoch : 23
Train Loss : 2.0005
Val Loss : 0.0000

Epoch : 24
Train Loss : 1.9493
Val Loss : 0.0000

Epoch : 25
Train Loss : 1.9263
Val Loss : 0.0000

Epoch : 26
Train Loss : 1.9122
Val Loss : 0.0000

Epoch : 27
Train Loss : 1.8532
Val Loss : 0.0000

Epoch : 28
Train Loss : 1.8062
Val Loss : 0.0000

Epoch : 29
Train Loss : 1.7572
Val Loss : 0.0000

Epoch : 30
Train Loss : 1.7155
Val Loss : 0.0000

Epoch : 31
Train Loss : 1.6937
Val Loss : 0.0000

Epoch : 32
Train Loss : 1.6872
Val Loss : 0.0000

Epoch : 33
Train Loss : 1.6517
Val Loss : 0.0000

Epoch : 34
Train Loss : 1.6259
Val Loss : 0.0000

Epoch : 35
Train Loss : 1.5911
Val Loss : 0.0000

Epoch : 36
Train Loss : 1.5798
Val Loss : 0.0000

Epoch : 37
Train Loss : 1.6129
Val Loss : 0.0000

Epoch : 38
Train Loss : 1.5647
Val Loss : 0.0000

Epoch : 39
Train Loss : 1.5587
Val Loss : 0.0000

Epoch : 40
Train Loss : 1.5500
Val Loss : 0.0000

Epoch : 41
Train Loss : 1.5593
Val Loss : 0.0000

Epoch : 42
Train Loss : 1.5116
Val Loss : 0.0000

Epoch : 43
Train Loss : 1.5475
Val Loss : 0.0000

Epoch : 44
Train Loss : 1.5305
Val Loss : 0.0000

Epoch : 45
Train Loss : 1.5222
Val Loss : 0.0000

Epoch : 46
Train Loss : 1.5092
Val Loss : 0.0000

Epoch : 47
Train Loss : 1.5150
Val Loss : 0.0000

Epoch : 48
Train Loss : 1.5297
Val Loss : 0.0000

Epoch : 49
Train Loss : 1.4976
Val Loss : 0.0000
Test Loss     : 6.2993
